# JRE version: OpenJDK Runtime Environment (21.0.3+9) (build 21.0.3+9-Ubuntu-1ubuntu122.04.1)
# Java VM: OpenJDK 64-Bit Server VM (21.0.3+9-Ubuntu-1ubuntu122.04.1, mixed mode, sharing, tiered, compressed oops, compressed class ptrs, g1 gc, linux-amd64)
GC Precious Log:
 CardTable entry size: 512
 Card Set container configuration: InlinePtr #cards 4 size 8 Array Of Cards #cards 16 size 48 Howl #buckets 8 coarsen threshold 3686 Howl Bitmap #cards 512 size 80 coarsen threshold 460 Card regions per heap region 1 cards per card region 4096
 CPUs: 8 total, 8 available
 Memory: 15866M
 Large Page Support: Disabled
 NUMA Support: Disabled
 Compressed Oops: Enabled (Zero based)
 Heap Region Size: 2M
 Heap Min Capacity: 8M
 Heap Initial Capacity: 248M
 Heap Max Capacity: 3968M
 Pre-touch: Disabled
 Parallel Workers: 8
 Concurrent Workers: 2
 Concurrent Refinement Workers: 8
 Periodic GC: Disabled
Heap:
 garbage-first heap   total 96256K, used 52817K [0x0000000708000000, 0x0000000800000000)
  region size 2048K, 17 young (34816K), 2 survivors (4096K)
 Metaspace       used 22056K, committed 22464K, reserved 1114112K
  class space    used 3168K, committed 3328K, reserved 1048576K
GC Heap History (10 events):
Event: 0.574 GC heap before
{Heap before GC invocations=0 (full 0):
 garbage-first heap   total 256000K, used 23582K [0x0000000708000000, 0x0000000800000000)
  region size 2048K, 11 young (22528K), 0 survivors (0K)
 Metaspace       used 3352K, committed 3456K, reserved 1114112K
  class space    used 337K, committed 384K, reserved 1048576K
}
Event: 0.577 GC heap after
{Heap after GC invocations=1 (full 0):
 garbage-first heap   total 256000K, used 2690K [0x0000000708000000, 0x0000000800000000)
  region size 2048K, 1 young (2048K), 1 survivors (2048K)
 Metaspace       used 3352K, committed 3456K, reserved 1114112K
  class space    used 337K, committed 384K, reserved 1048576K
}
Event: 2.076 GC heap before
{Heap before GC invocations=1 (full 0):
 garbage-first heap   total 256000K, used 68226K [0x0000000708000000, 0x0000000800000000)
  region size 2048K, 32 young (65536K), 1 survivors (2048K)
 Metaspace       used 16470K, committed 16832K, reserved 1114112K
  class space    used 2469K, committed 2624K, reserved 1048576K
}
Event: 2.083 GC heap after
{Heap after GC invocations=2 (full 0):
 garbage-first heap   total 256000K, used 15745K [0x0000000708000000, 0x0000000800000000)
  region size 2048K, 4 young (8192K), 4 survivors (8192K)
 Metaspace       used 16470K, committed 16832K, reserved 1114112K
  class space    used 2469K, committed 2624K, reserved 1048576K
}
Event: 2.512 GC heap before
{Heap before GC invocations=2 (full 0):
 garbage-first heap   total 256000K, used 150913K [0x0000000708000000, 0x0000000800000000)
  region size 2048K, 71 young (145408K), 4 survivors (8192K)
 Metaspace       used 19837K, committed 20224K, reserved 1114112K
  class space    used 3011K, committed 3200K, reserved 1048576K
}
Event: 2.522 GC heap after
{Heap after GC invocations=3 (full 0):
 garbage-first heap   total 256000K, used 21862K [0x0000000708000000, 0x0000000800000000)
  region size 2048K, 6 young (12288K), 6 survivors (12288K)
 Metaspace       used 19837K, committed 20224K, reserved 1114112K
  class space    used 3011K, committed 3200K, reserved 1048576K
}
Event: 3.282 GC heap before
{Heap before GC invocations=3 (full 0):
 garbage-first heap   total 256000K, used 71014K [0x0000000708000000, 0x0000000800000000)
  region size 2048K, 32 young (65536K), 6 survivors (12288K)
 Metaspace       used 21116K, committed 21504K, reserved 1114112K
  class space    used 3124K, committed 3328K, reserved 1048576K
}
Event: 3.290 GC heap after
{Heap after GC invocations=4 (full 0):
 garbage-first heap   total 256000K, used 23640K [0x0000000708000000, 0x0000000800000000)
  region size 2048K, 7 young (14336K), 7 survivors (14336K)
 Metaspace       used 21116K, committed 21504K, reserved 1114112K
  class space    used 3124K, committed 3328K, reserved 1048576K
}
Event: 7.329 GC heap before
{Heap before GC invocations=5 (full 0):
 garbage-first heap   total 96256K, used 66648K [0x0000000708000000, 0x0000000800000000)
  region size 2048K, 28 young (57344K), 7 survivors (14336K)
 Metaspace       used 21506K, committed 21888K, reserved 1114112K
  class space    used 3152K, committed 3328K, reserved 1048576K
}
Event: 7.337 GC heap after
{Heap after GC invocations=6 (full 0):
 garbage-first heap   total 96256K, used 24145K [0x0000000708000000, 0x0000000800000000)
  region size 2048K, 2 young (4096K), 2 survivors (4096K)
 Metaspace       used 21506K, committed 21888K, reserved 1114112K
  class space    used 3152K, committed 3328K, reserved 1048576K
}

