# JRE version: OpenJDK Runtime Environment (21.0.3+9) (build 21.0.3+9-Ubuntu-1ubuntu122.04.1)
# Java VM: OpenJDK 64-Bit Server VM (21.0.3+9-Ubuntu-1ubuntu122.04.1, mixed mode, sharing, tiered, compressed oops, compressed class ptrs, g1 gc, linux-amd64)
GC Precious Log:
 CardTable entry size: 512
 Card Set container configuration: InlinePtr #cards 4 size 8 Array Of Cards #cards 16 size 48 Howl #buckets 8 coarsen threshold 3686 Howl Bitmap #cards 512 size 80 coarsen threshold 460 Card regions per heap region 1 cards per card region 4096
 CPUs: 20 total, 20 available
 Memory: 15607M
 Large Page Support: Disabled
 NUMA Support: Disabled
 Compressed Oops: Enabled (Zero based)
 Heap Region Size: 2M
 Heap Min Capacity: 8M
 Heap Initial Capacity: 244M
 Heap Max Capacity: 3902M
 Pre-touch: Disabled
 Parallel Workers: 15
 Concurrent Workers: 4
 Concurrent Refinement Workers: 15
 Periodic GC: Disabled
Heap:
 garbage-first heap   total 251904K, used 155113K [0x000000070c200000, 0x0000000800000000)
  region size 2048K, 32 young (65536K), 4 survivors (8192K)
 Metaspace       used 24098K, committed 24512K, reserved 1114112K
  class space    used 3387K, committed 3584K, reserved 1048576K
GC Heap History (20 events):
Event: 0.204 GC heap before
{Heap before GC invocations=0 (full 0):
 garbage-first heap   total 251904K, used 21534K [0x000000070c200000, 0x0000000800000000)
  region size 2048K, 11 young (22528K), 0 survivors (0K)
 Metaspace       used 2897K, committed 3136K, reserved 1114112K
  class space    used 283K, committed 384K, reserved 1048576K
}
Event: 0.206 GC heap after
{Heap after GC invocations=1 (full 0):
 garbage-first heap   total 251904K, used 3920K [0x000000070c200000, 0x0000000800000000)
  region size 2048K, 2 young (4096K), 2 survivors (4096K)
 Metaspace       used 2897K, committed 3136K, reserved 1114112K
  class space    used 283K, committed 384K, reserved 1048576K
}
Event: 0.607 GC heap before
{Heap before GC invocations=1 (full 0):
 garbage-first heap   total 251904K, used 59216K [0x000000070c200000, 0x0000000800000000)
  region size 2048K, 30 young (61440K), 2 survivors (4096K)
 Metaspace       used 7564K, committed 7872K, reserved 1114112K
  class space    used 874K, committed 1024K, reserved 1048576K
}
Event: 0.609 GC heap after
{Heap after GC invocations=2 (full 0):
 garbage-first heap   total 251904K, used 6540K [0x000000070c200000, 0x0000000800000000)
  region size 2048K, 3 young (6144K), 3 survivors (6144K)
 Metaspace       used 7564K, committed 7872K, reserved 1114112K
  class space    used 874K, committed 1024K, reserved 1048576K
}
Event: 0.911 GC heap before
{Heap before GC invocations=2 (full 0):
 garbage-first heap   total 251904K, used 147852K [0x000000070c200000, 0x0000000800000000)
  region size 2048K, 73 young (149504K), 3 survivors (6144K)
 Metaspace       used 12449K, committed 12800K, reserved 1114112K
  class space    used 1710K, committed 1856K, reserved 1048576K
}
Event: 0.916 GC heap after
{Heap after GC invocations=3 (full 0):
 garbage-first heap   total 251904K, used 14061K [0x000000070c200000, 0x0000000800000000)
  region size 2048K, 7 young (14336K), 7 survivors (14336K)
 Metaspace       used 12449K, committed 12800K, reserved 1114112K
  class space    used 1710K, committed 1856K, reserved 1048576K
}
Event: 1.760 GC heap before
{Heap before GC invocations=3 (full 0):
 garbage-first heap   total 251904K, used 130797K [0x000000070c200000, 0x0000000800000000)
  region size 2048K, 61 young (124928K), 7 survivors (14336K)
 Metaspace       used 21171K, committed 21504K, reserved 1114112K
  class space    used 3171K, committed 3328K, reserved 1048576K
}
Event: 1.775 GC heap after
{Heap after GC invocations=4 (full 0):
 garbage-first heap   total 251904K, used 92656K [0x000000070c200000, 0x0000000800000000)
  region size 2048K, 10 young (20480K), 10 survivors (20480K)
 Metaspace       used 21171K, committed 21504K, reserved 1114112K
  class space    used 3171K, committed 3328K, reserved 1048576K
}
Event: 5.355 GC heap before
{Heap before GC invocations=5 (full 0):
 garbage-first heap   total 251904K, used 188912K [0x000000070c200000, 0x0000000800000000)
  region size 2048K, 56 young (114688K), 10 survivors (20480K)
 Metaspace       used 23373K, committed 23808K, reserved 1114112K
  class space    used 3338K, committed 3520K, reserved 1048576K
}
Event: 5.360 GC heap after
{Heap after GC invocations=6 (full 0):
 garbage-first heap   total 251904K, used 94527K [0x000000070c200000, 0x0000000800000000)
  region size 2048K, 1 young (2048K), 1 survivors (2048K)
 Metaspace       used 23373K, committed 23808K, reserved 1114112K
  class space    used 3338K, committed 3520K, reserved 1048576K
}
Event: 9.331 GC heap before
{Heap before GC invocations=6 (full 0):
 garbage-first heap   total 251904K, used 194879K [0x000000070c200000, 0x0000000800000000)
  region size 2048K, 50 young (102400K), 1 survivors (2048K)
 Metaspace       used 23447K, committed 23872K, reserved 1114112K
  class space    used 3343K, committed 3520K, reserved 1048576K
}
Event: 9.335 GC heap after
{Heap after GC invocations=7 (full 0):
 garbage-first heap   total 251904K, used 94354K [0x000000070c200000, 0x0000000800000000)
  region size 2048K, 1 young (2048K), 1 survivors (2048K)
 Metaspace       used 23447K, committed 23872K, reserved 1114112K
  class space    used 3343K, committed 3520K, reserved 1048576K
}
Event: 13.417 GC heap before
{Heap before GC invocations=7 (full 0):
 garbage-first heap   total 251904K, used 198802K [0x000000070c200000, 0x0000000800000000)
  region size 2048K, 53 young (108544K), 1 survivors (2048K)
 Metaspace       used 23722K, committed 24128K, reserved 1114112K
  class space    used 3348K, committed 3520K, reserved 1048576K
}
Event: 13.420 GC heap after
{Heap after GC invocations=8 (full 0):
 garbage-first heap   total 251904K, used 98843K [0x000000070c200000, 0x0000000800000000)
  region size 2048K, 3 young (6144K), 3 survivors (6144K)
 Metaspace       used 23722K, committed 24128K, reserved 1114112K
  class space    used 3348K, committed 3520K, reserved 1048576K
}
Event: 17.507 GC heap before
{Heap before GC invocations=8 (full 0):
 garbage-first heap   total 251904K, used 207387K [0x000000070c200000, 0x0000000800000000)
  region size 2048K, 56 young (114688K), 3 survivors (6144K)
 Metaspace       used 23746K, committed 24128K, reserved 1114112K
  class space    used 3348K, committed 3520K, reserved 1048576K
}
Event: 17.510 GC heap after
{Heap after GC invocations=9 (full 0):
 garbage-first heap   total 251904K, used 99156K [0x000000070c200000, 0x0000000800000000)
  region size 2048K, 3 young (6144K), 3 survivors (6144K)
 Metaspace       used 23746K, committed 24128K, reserved 1114112K
  class space    used 3348K, committed 3520K, reserved 1048576K
}
Event: 21.937 GC heap before
{Heap before GC invocations=9 (full 0):
 garbage-first heap   total 251904K, used 213844K [0x000000070c200000, 0x0000000800000000)
  region size 2048K, 59 young (120832K), 3 survivors (6144K)
 Metaspace       used 23815K, committed 24192K, reserved 1114112K
  class space    used 3350K, committed 3520K, reserved 1048576K
}
Event: 21.940 GC heap after
{Heap after GC invocations=10 (full 0):
 garbage-first heap   total 251904K, used 98499K [0x000000070c200000, 0x0000000800000000)
  region size 2048K, 3 young (6144K), 3 survivors (6144K)
 Metaspace       used 23815K, committed 24192K, reserved 1114112K
  class space    used 3350K, committed 3520K, reserved 1048576K
}
Event: 26.493 GC heap before
{Heap before GC invocations=10 (full 0):
 garbage-first heap   total 251904K, used 219331K [0x000000070c200000, 0x0000000800000000)
  region size 2048K, 62 young (126976K), 3 survivors (6144K)
 Metaspace       used 24047K, committed 24512K, reserved 1114112K
  class space    used 3377K, committed 3584K, reserved 1048576K
}
Event: 26.496 GC heap after
{Heap after GC invocations=11 (full 0):
 garbage-first heap   total 251904K, used 99817K [0x000000070c200000, 0x0000000800000000)
  region size 2048K, 4 young (8192K), 4 survivors (8192K)
 Metaspace       used 24047K, committed 24512K, reserved 1114112K
  class space    used 3377K, committed 3584K, reserved 1048576K
}

